<?xml version="1.0" encoding="UTF-8"?>
<!-- Generated by org.testng.reporters.JUnitReportReporter -->
<testsuite hostname="LAPTOP-9O068DHJ" failures="0" tests="2" name="com.firebasetest.FirebaseAutomationTest" time="25.102" errors="0" timestamp="2024-03-18T12:33:18 EDT" skipped="0">
  <testcase classname="com.firebasetest.FirebaseAutomationTest" name="VaildLogin_FireBase_TestScript" time="16.975"/>
  <system-out/>
  <testcase classname="com.firebasetest.FirebaseAutomationTest" name="errorLogin_FireBase_TestScript" time="8.127"/>
  <system-out/>
</testsuite> <!-- com.firebasetest.FirebaseAutomationTest -->
