<?xml version="1.0" encoding="UTF-8"?>
<!-- Generated by org.testng.reporters.JUnitReportReporter -->
<testsuite hostname="LAPTOP-9O068DHJ" failures="0" tests="2" name="com.firebasetest.FirebaseAutomationTest" time="29.793" errors="0" timestamp="2024-03-18T15:34:46 EDT" skipped="0">
  <testcase classname="com.firebasetest.FirebaseAutomationTest" name="VaildLogin_FireBase_TestScript" time="20.852"/>
  <system-out/>
  <testcase classname="com.firebasetest.FirebaseAutomationTest" name="errorLogin_FireBase_TestScript" time="8.941"/>
  <system-out/>
</testsuite> <!-- com.firebasetest.FirebaseAutomationTest -->
